Start testing: Mar 20 15:36 KST
----------------------------------------------------------
1/1 Testing: SignalGeneratorTest
1/1 Test: SignalGeneratorTest
Command: "/Users/sjpark/Workspace/soundEngineering/DSP_Library/build/runTests"
Directory: /Users/sjpark/Workspace/soundEngineering/DSP_Library/build
"SignalGeneratorTest" start time: Mar 20 15:36 KST
Output:
----------------------------------------------------------
Running main() from /Users/sjpark/Workspace/soundEngineering/DSP_Library/external/googletest/googletest/src/gtest_main.cc
[==========] Running 4 tests from 1 test suite.
[----------] Global test environment set-up.
[----------] 4 tests from SignalGeneratorTest
[ RUN      ] SignalGeneratorTest.GenerateSineWaveSize
[       OK ] SignalGeneratorTest.GenerateSineWaveSize (6 ms)
[ RUN      ] SignalGeneratorTest.GenerateSineWaveValueRange
[       OK ] SignalGeneratorTest.GenerateSineWaveValueRange (9 ms)
[ RUN      ] SignalGeneratorTest.GenerateSquareWaveSize
[       OK ] SignalGeneratorTest.GenerateSquareWaveSize (4 ms)
[ RUN      ] SignalGeneratorTest.GenerateSquareWaveValues
[       OK ] SignalGeneratorTest.GenerateSquareWaveValues (5 ms)
[----------] 4 tests from SignalGeneratorTest (25 ms total)

[----------] Global test environment tear-down
[==========] 4 tests from 1 test suite ran. (25 ms total)
[  PASSED  ] 4 tests.
<end of output>
Test time =   0.49 sec
----------------------------------------------------------
Test Passed.
"SignalGeneratorTest" end time: Mar 20 15:36 KST
"SignalGeneratorTest" time elapsed: 00:00:00
----------------------------------------------------------

End testing: Mar 20 15:36 KST
