Start testing: Mar 20 18:25 KST
----------------------------------------------------------
1/1 Testing: SignalGeneratorTest
1/1 Test: SignalGeneratorTest
Command: "/Users/sjpark/Workspace/soundEngineering/DSP_Library/build/runTests"
Directory: /Users/sjpark/Workspace/soundEngineering/DSP_Library/build
"SignalGeneratorTest" start time: Mar 20 18:25 KST
Output:
----------------------------------------------------------
Running main() from /Users/sjpark/Workspace/soundEngineering/DSP_Library/external/googletest/googletest/src/gtest_main.cc
[==========] Running 11 tests from 2 test suites.
[----------] Global test environment set-up.
[----------] 8 tests from SignalGeneratorTest
[ RUN      ] SignalGeneratorTest.GenerateSineWaveSize
[       OK ] SignalGeneratorTest.GenerateSineWaveSize (2 ms)
[ RUN      ] SignalGeneratorTest.GenerateSineWaveValueRange
[       OK ] SignalGeneratorTest.GenerateSineWaveValueRange (4 ms)
[ RUN      ] SignalGeneratorTest.GenerateSquareWaveSize
[       OK ] SignalGeneratorTest.GenerateSquareWaveSize (2 ms)
[ RUN      ] SignalGeneratorTest.GenerateSquareWaveValues
[       OK ] SignalGeneratorTest.GenerateSquareWaveValues (3 ms)
[ RUN      ] SignalGeneratorTest.GenerateTriangleWaveSize
[       OK ] SignalGeneratorTest.GenerateTriangleWaveSize (2 ms)
[ RUN      ] SignalGeneratorTest.GenerateTriangleWaveValueRange
[       OK ] SignalGeneratorTest.GenerateTriangleWaveValueRange (4 ms)
[ RUN      ] SignalGeneratorTest.GenerateWhiteNoiseSize
[       OK ] SignalGeneratorTest.GenerateWhiteNoiseSize (3 ms)
[ RUN      ] SignalGeneratorTest.GenerateWhiteNoiseValueRange
[       OK ] SignalGeneratorTest.GenerateWhiteNoiseValueRange (5 ms)
[----------] 8 tests from SignalGeneratorTest (28 ms total)

[----------] 3 tests from SignalProcessorTest
[ RUN      ] SignalProcessorTest.ResampleSize
[       OK ] SignalProcessorTest.ResampleSize (3 ms)
[ RUN      ] SignalProcessorTest.LinearInterpolationSize
[       OK ] SignalProcessorTest.LinearInterpolationSize (0 ms)
[ RUN      ] SignalProcessorTest.LinearInterpolationValues
[       OK ] SignalProcessorTest.LinearInterpolationValues (0 ms)
[----------] 3 tests from SignalProcessorTest (3 ms total)

[----------] Global test environment tear-down
[==========] 11 tests from 2 test suites ran. (31 ms total)
[  PASSED  ] 11 tests.
<end of output>
Test time =   0.04 sec
----------------------------------------------------------
Test Passed.
"SignalGeneratorTest" end time: Mar 20 18:25 KST
"SignalGeneratorTest" time elapsed: 00:00:00
----------------------------------------------------------

End testing: Mar 20 18:25 KST
